0 info it worked if it ends with ok
1 verbose cli [ '/usr/local/Cellar/node/4.1.1/bin/node',
1 verbose cli   '/usr/local/bin/npm',
1 verbose cli   'install',
1 verbose cli   'scijs-windows-functions' ]
2 info using npm@2.14.4
3 info using node@v4.1.1
4 verbose install initial load of /Users/josephweidinger/Desktop/2016-10-12_nodeWavTests/processing/p5-zip/compareInflection/nodejs/spec/package.json
5 verbose installManyTop reading scoped package data from /Users/josephweidinger/Desktop/2016-10-12_nodeWavTests/processing/p5-zip/compareInflection/nodejs/spec/node_modules/bit-twiddle/package.json
6 verbose installManyTop reading scoped package data from /Users/josephweidinger/Desktop/2016-10-12_nodeWavTests/processing/p5-zip/compareInflection/nodejs/spec/node_modules/ndarray/package.json
7 verbose installManyTop reading scoped package data from /Users/josephweidinger/Desktop/2016-10-12_nodeWavTests/processing/p5-zip/compareInflection/nodejs/spec/node_modules/ndarray-fft/package.json
8 verbose installManyTop reading scoped package data from /Users/josephweidinger/Desktop/2016-10-12_nodeWavTests/processing/p5-zip/compareInflection/nodejs/spec/node_modules/ndarray-ops/package.json
9 verbose installManyTop reading scoped package data from /Users/josephweidinger/Desktop/2016-10-12_nodeWavTests/processing/p5-zip/compareInflection/nodejs/spec/node_modules/typedarray-pool/package.json
10 verbose installManyTop reading scoped package data from /Users/josephweidinger/Desktop/2016-10-12_nodeWavTests/processing/p5-zip/compareInflection/nodejs/spec/node_modules/window-functions-master/package.json
11 verbose readDependencies loading dependencies from /Users/josephweidinger/Desktop/2016-10-12_nodeWavTests/processing/p5-zip/compareInflection/nodejs/spec/package.json
12 silly cache add args [ 'scijs-windows-functions', null ]
13 verbose cache add spec scijs-windows-functions
14 silly cache add parsed spec Result {
14 silly cache add   raw: 'scijs-windows-functions',
14 silly cache add   scope: null,
14 silly cache add   name: 'scijs-windows-functions',
14 silly cache add   rawSpec: '',
14 silly cache add   spec: '*',
14 silly cache add   type: 'range' }
15 silly addNamed scijs-windows-functions@*
16 verbose addNamed "*" is a valid semver range for scijs-windows-functions
17 silly addNameRange { name: 'scijs-windows-functions', range: '*', hasData: false }
18 silly mapToRegistry name scijs-windows-functions
19 silly mapToRegistry using default registry
20 silly mapToRegistry registry https://registry.npmjs.org/
21 silly mapToRegistry uri https://registry.npmjs.org/scijs-windows-functions
22 verbose addNameRange registry:https://registry.npmjs.org/scijs-windows-functions not in flight; fetching
23 verbose request uri https://registry.npmjs.org/scijs-windows-functions
24 verbose request no auth needed
25 info attempt registry request try #1 at 1:04:58 PM
26 verbose request id 38162795c60290b5
27 http request GET https://registry.npmjs.org/scijs-windows-functions
28 http 404 https://registry.npmjs.org/scijs-windows-functions
29 verbose headers { 'content-type': 'application/json',
29 verbose headers   'cache-control': 'max-age=0',
29 verbose headers   'content-length': '2',
29 verbose headers   'accept-ranges': 'bytes',
29 verbose headers   date: 'Sun, 16 Oct 2016 18:04:59 GMT',
29 verbose headers   via: '1.1 varnish',
29 verbose headers   age: '0',
29 verbose headers   connection: 'keep-alive',
29 verbose headers   'x-served-by': 'cache-dfw1847-DFW',
29 verbose headers   'x-cache': 'MISS',
29 verbose headers   'x-cache-hits': '0',
29 verbose headers   'x-timer': 'S1476641099.135300,VS0,VE73',
29 verbose headers   vary: 'Accept-Encoding' }
30 silly get cb [ 404,
30 silly get   { 'content-type': 'application/json',
30 silly get     'cache-control': 'max-age=0',
30 silly get     'content-length': '2',
30 silly get     'accept-ranges': 'bytes',
30 silly get     date: 'Sun, 16 Oct 2016 18:04:59 GMT',
30 silly get     via: '1.1 varnish',
30 silly get     age: '0',
30 silly get     connection: 'keep-alive',
30 silly get     'x-served-by': 'cache-dfw1847-DFW',
30 silly get     'x-cache': 'MISS',
30 silly get     'x-cache-hits': '0',
30 silly get     'x-timer': 'S1476641099.135300,VS0,VE73',
30 silly get     vary: 'Accept-Encoding' } ]
31 verbose stack Error: Registry returned 404 for GET on https://registry.npmjs.org/scijs-windows-functions
31 verbose stack     at makeError (/usr/local/lib/node_modules/npm/node_modules/npm-registry-client/lib/request.js:263:12)
31 verbose stack     at CachingRegistryClient.<anonymous> (/usr/local/lib/node_modules/npm/node_modules/npm-registry-client/lib/request.js:241:14)
31 verbose stack     at Request._callback (/usr/local/lib/node_modules/npm/node_modules/npm-registry-client/lib/request.js:171:14)
31 verbose stack     at Request.self.callback (/usr/local/lib/node_modules/npm/node_modules/request/request.js:198:22)
31 verbose stack     at emitTwo (events.js:87:13)
31 verbose stack     at Request.emit (events.js:172:7)
31 verbose stack     at Request.<anonymous> (/usr/local/lib/node_modules/npm/node_modules/request/request.js:1073:14)
31 verbose stack     at emitOne (events.js:82:20)
31 verbose stack     at Request.emit (events.js:169:7)
31 verbose stack     at IncomingMessage.<anonymous> (/usr/local/lib/node_modules/npm/node_modules/request/request.js:1019:12)
32 verbose statusCode 404
33 verbose pkgid scijs-windows-functions
34 verbose cwd /Users/josephweidinger/Desktop/2016-10-12_nodeWavTests/processing/p5-zip/compareInflection/nodejs/spec
35 error Darwin 15.6.0
36 error argv "/usr/local/Cellar/node/4.1.1/bin/node" "/usr/local/bin/npm" "install" "scijs-windows-functions"
37 error node v4.1.1
38 error npm  v2.14.4
39 error code E404
40 error 404 Registry returned 404 for GET on https://registry.npmjs.org/scijs-windows-functions
40 error 404
40 error 404 'scijs-windows-functions' is not in the npm registry.
40 error 404 You should bug the author to publish it (or use the name yourself!)
40 error 404
40 error 404 Note that you can also install from a
40 error 404 tarball, folder, http url, or git url.
41 verbose exit [ 1, true ]
